<?xml version="1.0" encoding="UTF-8"?>
<testng-results ignored="0" total="1" passed="1" failed="0" skipped="0">
  <reporter-output>
  </reporter-output>
  <suite started-at="2026-09-22T09:33:36 IST" name="runner.TestRunner" finished-at="2026-09-22T09:35:10 IST" duration-ms="93943">
    <groups>
      <group name="cucumber">
        <method signature="AbstractTestNGCucumberTests.runScenario(io.cucumber.testng.PickleWrapper,io.cucumber.testng.FeatureWrapper)[pri:0, instance:runner.TestRunner@22635ba0]" name="runScenario" class="io.cucumber.testng.AbstractTestNGCucumberTests"/>
      </group> <!-- cucumber -->
    </groups>
    <test started-at="2026-09-22T09:33:36 IST" name="Command line test" finished-at="2026-09-22T09:35:10 IST" duration-ms="93943">
      <class name="runner.TestRunner">
        <test-method is-config="true" signature="setUpClass(org.testng.ITestContext)[pri:0, instance:runner.TestRunner@22635ba0]" started-at="2026-09-22T09:33:37 IST" name="setUpClass" finished-at="2026-09-22T09:33:40 IST" duration-ms="3016" status="PASS">
          <params>
            <param index="0">
              <value>
                <![CDATA[org.testng.TestRunner@53d30d23]]>
              </value>
            </param>
          </params>
          <reporter-output>
          </reporter-output>
        </test-method> <!-- setUpClass -->
        <test-method signature="runScenario(io.cucumber.testng.PickleWrapper,io.cucumber.testng.FeatureWrapper)[pri:0, instance:runner.TestRunner@22635ba0]" started-at="2026-09-22T09:33:40 IST" name="runScenario" description="Runs Cucumber Scenarios" data-provider="scenarios" finished-at="2026-09-22T09:35:08 IST" duration-ms="88071" status="PASS">
          <params>
            <param index="0">
              <value>
                <![CDATA["SignIn to an application with valid details"]]>
              </value>
            </param>
            <param index="1">
              <value>
                <![CDATA["SignIn functionality"]]>
              </value>
            </param>
          </params>
          <reporter-output>
          </reporter-output>
        </test-method> <!-- runScenario -->
        <test-method is-config="true" signature="tearDownClass()[pri:0, instance:runner.TestRunner@22635ba0]" started-at="2026-09-22T09:35:08 IST" name="tearDownClass" finished-at="2026-09-22T09:35:10 IST" duration-ms="2555" status="PASS">
          <reporter-output>
          </reporter-output>
        </test-method> <!-- tearDownClass -->
      </class> <!-- runner.TestRunner -->
    </test> <!-- Command line test -->
  </suite> <!-- runner.TestRunner -->
</testng-results>
